\BOOKMARK [0][-]{chapter.1}{\376\377\0001\000\040\000C\000h\000a\000n\000g\000e\000\040\000L\000o\000g\000\040\000P\000C\000F\0008\0005\0007\0004}{}% 1
\BOOKMARK [1][-]{section.1.1}{\376\377\0001\000.\0001\000\040\000[\0000\000.\0004\000.\0001\000]\000\040\000-\000\040\0002\0000\0002\0003\000-\0000\0009\000-\0002\0003}{chapter.1}% 2
\BOOKMARK [1][-]{section.1.2}{\376\377\0001\000.\0002\000\040\000[\0000\000.\0004\000.\0000\000]\000\040\000-\000\040\0002\0000\0002\0003\000-\0000\0009\000-\0002\0003}{chapter.1}% 3
\BOOKMARK [1][-]{section.1.3}{\376\377\0001\000.\0003\000\040\000[\0000\000.\0003\000.\0009\000]\000\040\000-\000\040\0002\0000\0002\0003\000-\0000\0009\000-\0002\0003}{chapter.1}% 4
\BOOKMARK [1][-]{section.1.4}{\376\377\0001\000.\0004\000\040\000[\0000\000.\0003\000.\0008\000]\000\040\000-\000\040\0002\0000\0002\0003\000-\0000\0002\000-\0000\0004}{chapter.1}% 5
\BOOKMARK [1][-]{section.1.5}{\376\377\0001\000.\0005\000\040\000[\0000\000.\0003\000.\0007\000]\000\040\000-\000\040\0002\0000\0002\0002\000-\0001\0001\000-\0001\0006}{chapter.1}% 6
\BOOKMARK [1][-]{section.1.6}{\376\377\0001\000.\0006\000\040\000[\0000\000.\0003\000.\0006\000]\000\040\000-\000\040\0002\0000\0002\0002\000-\0001\0000\000-\0001\0009}{chapter.1}% 7
\BOOKMARK [1][-]{section.1.7}{\376\377\0001\000.\0007\000\040\000[\0000\000.\0003\000.\0005\000]\000\040\000-\000\040\0002\0000\0002\0002\000-\0000\0006\000-\0001\0007}{chapter.1}% 8
\BOOKMARK [1][-]{section.1.8}{\376\377\0001\000.\0008\000\040\000[\0000\000.\0003\000.\0004\000]\000\040\000-\000\040\0002\0000\0002\0002\000-\0000\0004\000-\0001\0001}{chapter.1}% 9
\BOOKMARK [1][-]{section.1.9}{\376\377\0001\000.\0009\000\040\000[\0000\000.\0003\000.\0003\000]\000\040\000-\000\040\0002\0000\0002\0001\000-\0001\0002\000-\0002\0003}{chapter.1}% 10
\BOOKMARK [1][-]{section.1.10}{\376\377\0001\000.\0001\0000\000\040\000[\0000\000.\0003\000.\0002\000]\000\040\000-\000\040\0002\0000\0002\0001\000-\0000\0007\000-\0000\0004}{chapter.1}% 11
\BOOKMARK [1][-]{section.1.11}{\376\377\0001\000.\0001\0001\000\040\000[\0000\000.\0003\000.\0001\000]\000\040\000-\000\040\0002\0000\0002\0001\000-\0000\0004\000-\0002\0003}{chapter.1}% 12
\BOOKMARK [1][-]{section.1.12}{\376\377\0001\000.\0001\0002\000\040\000[\0000\000.\0003\000.\0000\000]\000\040\000-\000\040\0002\0000\0002\0001\000-\0000\0001\000-\0000\0003}{chapter.1}% 13
\BOOKMARK [1][-]{section.1.13}{\376\377\0001\000.\0001\0003\000\040\000[\0000\000.\0002\000.\0004\000]\000\040\000-\000\040\0002\0000\0002\0000\000-\0001\0002\000-\0001\0007}{chapter.1}% 14
\BOOKMARK [1][-]{section.1.14}{\376\377\0001\000.\0001\0004\000\040\000[\0000\000.\0002\000.\0003\000]\000\040\000-\000\040\0002\0000\0002\0000\000-\0001\0002\000-\0001\0004}{chapter.1}% 15
\BOOKMARK [1][-]{section.1.15}{\376\377\0001\000.\0001\0005\000\040\000[\0000\000.\0002\000.\0002\000]\000\040\000-\000\040\0002\0000\0002\0000\000-\0001\0002\000-\0000\0007}{chapter.1}% 16
\BOOKMARK [1][-]{section.1.16}{\376\377\0001\000.\0001\0006\000\040\000[\0000\000.\0002\000.\0001\000]\000\040\000-\000\040\0002\0000\0002\0000\000-\0000\0006\000-\0001\0009}{chapter.1}% 17
\BOOKMARK [1][-]{section.1.17}{\376\377\0001\000.\0001\0007\000\040\000[\0000\000.\0002\000.\0000\000]\000\040\000-\000\040\0002\0000\0002\0000\000-\0000\0005\000-\0002\0002}{chapter.1}% 18
\BOOKMARK [1][-]{section.1.18}{\376\377\0001\000.\0001\0008\000\040\000[\0000\000.\0001\000.\0009\000]\000\040\000-\000\040\0002\0000\0001\0007\000-\0000\0002\000-\0002\0007}{chapter.1}% 19
\BOOKMARK [1][-]{section.1.19}{\376\377\0001\000.\0001\0009\000\040\000[\0000\000.\0001\000.\0000\0008\000]\000\040\000-\000\040\0002\0000\0001\0006\000-\0000\0005\000-\0002\0000\000\047}{chapter.1}% 20
\BOOKMARK [1][-]{section.1.20}{\376\377\0001\000.\0002\0000\000\040\000[\0000\000.\0001\000.\0000\0007\000]\000\040\000-\000\040\0002\0000\0001\0006\000-\0000\0005\000-\0000\0002}{chapter.1}% 21
\BOOKMARK [1][-]{section.1.21}{\376\377\0001\000.\0002\0001\000\040\000[\0000\000.\0001\000.\0000\0006\000]\000\040\000-\000\040\000?\000?}{chapter.1}% 22
\BOOKMARK [1][-]{section.1.22}{\376\377\0001\000.\0002\0002\000\040\000[\0000\000.\0001\000.\0000\0005\000]\000\040\000-\000\040\0002\0000\0001\0006\000-\0000\0004\000-\0003\0000}{chapter.1}% 23
\BOOKMARK [1][-]{section.1.23}{\376\377\0001\000.\0002\0003\000\040\000[\0000\000.\0001\000.\0000\0004\000]\000\040\000-\000\040\0002\0000\0001\0005\000-\0000\0005\000-\0000\0009}{chapter.1}% 24
\BOOKMARK [1][-]{section.1.24}{\376\377\0001\000.\0002\0004\000\040\000[\0000\000.\0001\000.\0000\0003\000]\000\040\000-\000\040\0002\0000\0001\0005\000-\0000\0003\000-\0000\0002}{chapter.1}% 25
\BOOKMARK [1][-]{section.1.25}{\376\377\0001\000.\0002\0005\000\040\000[\0000\000.\0001\000.\0000\0002\000]\000\040\000-\000\040\000?}{chapter.1}% 26
\BOOKMARK [1][-]{section.1.26}{\376\377\0001\000.\0002\0006\000\040\000[\0000\000.\0001\000.\0000\0001\000]\000\040\000-\000\040\000?}{chapter.1}% 27
\BOOKMARK [1][-]{section.1.27}{\376\377\0001\000.\0002\0007\000\040\000[\0000\000.\0001\000.\0000\0000\000]\000\040\000-\000\040\0002\0000\0001\0003\000-\0000\0002\000-\0000\0002}{chapter.1}% 28
\BOOKMARK [0][-]{chapter.2}{\376\377\0002\000\040\000R\000E\000A\000D\000M\000E}{}% 29
\BOOKMARK [1][-]{section.2.1}{\376\377\0002\000.\0001\000\040\000P\000C\000F\0008\0005\0007\0004}{chapter.2}% 30
\BOOKMARK [2][-]{subsection.2.1.1}{\376\377\0002\000.\0001\000.\0001\000\040\000D\000e\000s\000c\000r\000i\000p\000t\000i\000o\000n}{section.2.1}% 31
\BOOKMARK [2][-]{subsection.2.1.2}{\376\377\0002\000.\0001\000.\0002\000\040\000I\0002\000C\000\040\000C\000l\000o\000c\000k}{section.2.1}% 32
\BOOKMARK [2][-]{subsection.2.1.3}{\376\377\0002\000.\0001\000.\0003\000\040\000I\000n\000t\000e\000r\000f\000a\000c\000e}{section.2.1}% 33
\BOOKMARK [2][-]{subsection.2.1.4}{\376\377\0002\000.\0001\000.\0004\000\040\000E\000r\000r\000o\000r\000\040\000c\000o\000d\000e\000s}{section.2.1}% 34
\BOOKMARK [2][-]{subsection.2.1.5}{\376\377\0002\000.\0001\000.\0005\000\040\000O\000p\000e\000r\000a\000t\000i\000o\000n}{section.2.1}% 35
\BOOKMARK [2][-]{subsection.2.1.6}{\376\377\0002\000.\0001\000.\0006\000\040\000F\000u\000t\000u\000r\000e}{section.2.1}% 36
\BOOKMARK [2][-]{subsection.2.1.7}{\376\377\0002\000.\0001\000.\0007\000\040\000S\000u\000p\000p\000o\000r\000t}{section.2.1}% 37
\BOOKMARK [0][-]{chapter.3}{\376\377\0003\000\040\000C\000l\000a\000s\000s\000\040\000I\000n\000d\000e\000x}{}% 38
\BOOKMARK [1][-]{section.3.1}{\376\377\0003\000.\0001\000\040\000C\000l\000a\000s\000s\000\040\000L\000i\000s\000t}{chapter.3}% 39
\BOOKMARK [0][-]{chapter.4}{\376\377\0004\000\040\000F\000i\000l\000e\000\040\000I\000n\000d\000e\000x}{}% 40
\BOOKMARK [1][-]{section.4.1}{\376\377\0004\000.\0001\000\040\000F\000i\000l\000e\000\040\000L\000i\000s\000t}{chapter.4}% 41
\BOOKMARK [0][-]{chapter.5}{\376\377\0005\000\040\000C\000l\000a\000s\000s\000\040\000D\000o\000c\000u\000m\000e\000n\000t\000a\000t\000i\000o\000n}{}% 42
\BOOKMARK [1][-]{section.5.1}{\376\377\0005\000.\0001\000\040\000P\000C\000F\0008\0005\0007\0004\000\040\000C\000l\000a\000s\000s\000\040\000R\000e\000f\000e\000r\000e\000n\000c\000e}{chapter.5}% 43
\BOOKMARK [2][-]{subsection.5.1.1}{\376\377\0005\000.\0001\000.\0001\000\040\000C\000o\000n\000s\000t\000r\000u\000c\000t\000o\000r\000\040\000\046\000\040\000D\000e\000s\000t\000r\000u\000c\000t\000o\000r\000\040\000D\000o\000c\000u\000m\000e\000n\000t\000a\000t\000i\000o\000n}{section.5.1}% 44
\BOOKMARK [3][-]{subsubsection.5.1.1.1}{\376\377\0005\000.\0001\000.\0001\000.\0001\000\040\000P\000C\000F\0008\0005\0007\0004\000\050\000\051}{subsection.5.1.1}% 45
\BOOKMARK [2][-]{subsection.5.1.2}{\376\377\0005\000.\0001\000.\0002\000\040\000M\000e\000m\000b\000e\000r\000\040\000F\000u\000n\000c\000t\000i\000o\000n\000\040\000D\000o\000c\000u\000m\000e\000n\000t\000a\000t\000i\000o\000n}{section.5.1}% 46
\BOOKMARK [3][-]{subsubsection.5.1.2.1}{\376\377\0005\000.\0001\000.\0002\000.\0001\000\040\000b\000e\000g\000i\000n\000\050\000\051}{subsection.5.1.2}% 47
\BOOKMARK [3][-]{subsubsection.5.1.2.2}{\376\377\0005\000.\0001\000.\0002\000.\0002\000\040\000g\000e\000t\000A\000d\000d\000r\000e\000s\000s\000\050\000\051}{subsection.5.1.2}% 48
\BOOKMARK [3][-]{subsubsection.5.1.2.3}{\376\377\0005\000.\0001\000.\0002\000.\0003\000\040\000g\000e\000t\000B\000u\000t\000t\000o\000n\000M\000a\000s\000k\000\050\000\051}{subsection.5.1.2}% 49
\BOOKMARK [3][-]{subsubsection.5.1.2.4}{\376\377\0005\000.\0001\000.\0002\000.\0004\000\040\000i\000s\000C\000o\000n\000n\000e\000c\000t\000e\000d\000\050\000\051}{subsection.5.1.2}% 50
\BOOKMARK [3][-]{subsubsection.5.1.2.5}{\376\377\0005\000.\0001\000.\0002\000.\0005\000\040\000l\000a\000s\000t\000E\000r\000r\000o\000r\000\050\000\051}{subsection.5.1.2}% 51
\BOOKMARK [3][-]{subsubsection.5.1.2.6}{\376\377\0005\000.\0001\000.\0002\000.\0006\000\040\000r\000e\000a\000d\000\050\000\051}{subsection.5.1.2}% 52
\BOOKMARK [3][-]{subsubsection.5.1.2.7}{\376\377\0005\000.\0001\000.\0002\000.\0007\000\040\000r\000e\000a\000d\0008\000\050\000\051}{subsection.5.1.2}% 53
\BOOKMARK [3][-]{subsubsection.5.1.2.8}{\376\377\0005\000.\0001\000.\0002\000.\0008\000\040\000r\000e\000a\000d\000B\000u\000t\000t\000o\000n\000\050\000\051}{subsection.5.1.2}% 54
\BOOKMARK [3][-]{subsubsection.5.1.2.9}{\376\377\0005\000.\0001\000.\0002\000.\0009\000\040\000r\000e\000a\000d\000B\000u\000t\000t\000o\000n\0008\000\050\000\051\000\040\000[\0001\000/\0002\000]}{subsection.5.1.2}% 55
\BOOKMARK [3][-]{subsubsection.5.1.2.10}{\376\377\0005\000.\0001\000.\0002\000.\0001\0000\000\040\000r\000e\000a\000d\000B\000u\000t\000t\000o\000n\0008\000\050\000\051\000\040\000[\0002\000/\0002\000]}{subsection.5.1.2}% 56
\BOOKMARK [3][-]{subsubsection.5.1.2.11}{\376\377\0005\000.\0001\000.\0002\000.\0001\0001\000\040\000r\000o\000t\000a\000t\000e\000L\000e\000f\000t\000\050\000\051}{subsection.5.1.2}% 57
\BOOKMARK [3][-]{subsubsection.5.1.2.12}{\376\377\0005\000.\0001\000.\0002\000.\0001\0002\000\040\000r\000o\000t\000a\000t\000e\000R\000i\000g\000h\000t\000\050\000\051}{subsection.5.1.2}% 58
\BOOKMARK [3][-]{subsubsection.5.1.2.13}{\376\377\0005\000.\0001\000.\0002\000.\0001\0003\000\040\000s\000e\000l\000e\000c\000t\000\050\000\051}{subsection.5.1.2}% 59
\BOOKMARK [3][-]{subsubsection.5.1.2.14}{\376\377\0005\000.\0001\000.\0002\000.\0001\0004\000\040\000s\000e\000l\000e\000c\000t\000N\000\050\000\051}{subsection.5.1.2}% 60
\BOOKMARK [3][-]{subsubsection.5.1.2.15}{\376\377\0005\000.\0001\000.\0002\000.\0001\0005\000\040\000s\000e\000t\000A\000d\000d\000r\000e\000s\000s\000\050\000\051}{subsection.5.1.2}% 61
\BOOKMARK [3][-]{subsubsection.5.1.2.16}{\376\377\0005\000.\0001\000.\0002\000.\0001\0006\000\040\000s\000e\000t\000B\000u\000t\000t\000o\000n\000M\000a\000s\000k\000\050\000\051}{subsection.5.1.2}% 62
\BOOKMARK [3][-]{subsubsection.5.1.2.17}{\376\377\0005\000.\0001\000.\0002\000.\0001\0007\000\040\000s\000h\000i\000f\000t\000L\000e\000f\000t\000\050\000\051}{subsection.5.1.2}% 63
\BOOKMARK [3][-]{subsubsection.5.1.2.18}{\376\377\0005\000.\0001\000.\0002\000.\0001\0008\000\040\000s\000h\000i\000f\000t\000R\000i\000g\000h\000t\000\050\000\051}{subsection.5.1.2}% 64
\BOOKMARK [3][-]{subsubsection.5.1.2.19}{\376\377\0005\000.\0001\000.\0002\000.\0001\0009\000\040\000t\000o\000g\000g\000l\000e\000\050\000\051}{subsection.5.1.2}% 65
\BOOKMARK [3][-]{subsubsection.5.1.2.20}{\376\377\0005\000.\0001\000.\0002\000.\0002\0000\000\040\000t\000o\000g\000g\000l\000e\000M\000a\000s\000k\000\050\000\051}{subsection.5.1.2}% 66
\BOOKMARK [3][-]{subsubsection.5.1.2.21}{\376\377\0005\000.\0001\000.\0002\000.\0002\0001\000\040\000v\000a\000l\000u\000e\000\050\000\051}{subsection.5.1.2}% 67
\BOOKMARK [3][-]{subsubsection.5.1.2.22}{\376\377\0005\000.\0001\000.\0002\000.\0002\0002\000\040\000v\000a\000l\000u\000e\000O\000u\000t\000\050\000\051}{subsection.5.1.2}% 68
\BOOKMARK [3][-]{subsubsection.5.1.2.23}{\376\377\0005\000.\0001\000.\0002\000.\0002\0003\000\040\000w\000r\000i\000t\000e\000\050\000\051}{subsection.5.1.2}% 69
\BOOKMARK [3][-]{subsubsection.5.1.2.24}{\376\377\0005\000.\0001\000.\0002\000.\0002\0004\000\040\000w\000r\000i\000t\000e\0008\000\050\000\051}{subsection.5.1.2}% 70
\BOOKMARK [0][-]{chapter.6}{\376\377\0006\000\040\000F\000i\000l\000e\000\040\000D\000o\000c\000u\000m\000e\000n\000t\000a\000t\000i\000o\000n}{}% 71
\BOOKMARK [1][-]{section.6.1}{\376\377\0006\000.\0001\000\040\000P\000C\000F\0008\0005\0007\0004\000.\000c\000p\000p\000\040\000F\000i\000l\000e\000\040\000R\000e\000f\000e\000r\000e\000n\000c\000e}{chapter.6}% 72
\BOOKMARK [2][-]{subsection.6.1.1}{\376\377\0006\000.\0001\000.\0001\000\040\000D\000e\000t\000a\000i\000l\000e\000d\000\040\000D\000e\000s\000c\000r\000i\000p\000t\000i\000o\000n}{section.6.1}% 73
\BOOKMARK [0][-]{section*.2}{\376\377\000I\000n\000d\000e\000x}{}% 74
